1 478 D
7 5 D
1 50 G
5 4 G
1 178 D
43 6 D
1 264 D
1 103 G
14 1 G
1 396 D
1 98 G
1 236 G
1 342 D
1 55 D
1 203 D
1 233 G
1 337 G
1 227 D
1 108 D
1 300 G
16 4 D
28 1 E
3 2 D
39 1 D
1 1 D
25 1 D
1 106 D
1 178 E
33 1 G
1 8 G
42 16 G
1 1 D
40 3 D
1 29 G
34 6 D
41 5 D
11 3 G
1 73 D
1 232 D
1 299 G
10 5 D
1 222 G
1 113 D
18 14 D
37 2 D
1 361 G
1 200 D
1 288 G
1 109 E
21 1 E
1 143 D
39 5 D
32 5 G
36 8 E
1 156 G
25 8 D
1 296 D
11 8 D
10 1 G
18 9 D
25 6 G
31 4 G
31 3 D
16 7 D
1 227 D
19 1 G
1 128 D
9 3 D
1 22 D
13 7 G
36 8 G
27 7 G
36 6 G
3 1 D
1 205 E
1 98 G
1 161 D
1 83 D
1 107 G
1 243 D
12 7 D
1 314 G
1 251 G
40 8 G
24 1 D
37 6 E
1 337 G
1 285 D
37 4 D
1 332 D
12 14 G
1 271 G
1 77 G
1 122 G
6 12 G
39 2 E
12 1 E
1 263 D
1 72 D
36 2 G
42 10 G
1 37 G
16 1 D
5 8 D
1 212 G
22 6 D
2 6 G
43 2 G
1 342 G
1 267 G
1 117 G
1 79 G
17 1 G
1 121 G
1 453 G
1 249 D
1 355 D
22 1 D
1 272 D
1 343 D
41 10 D
31 1 G
26 3 E
17 1 D
21 5 G
1 440 G
1 332 G
1 235 D
18 2 D
17 5 E
29 4 G
3 2 G
1 353 G
1 12 D
27 8 E
1 193 D
1 199 D
1 176 D
35 6 G
1 60 D
1 57 D
41 5 G
1 313 D
1 94 D
40 4 E
39 2 D
39 5 G
1 196 G
3 2 D
1 55 G
1 53 G
1 118 D
1 222 G
1 362 G
21 3 D
42 9 D
10 1 G
1 76 G
1 42 G
1 123 G
1 144 D
1 107 G
41 3 D
43 5 G
18 14 G
1 290 D
18 2 D
1 22 D
1 278 E
1 90 D
9 3 G
1 401 G
1 178 D
18 4 D
1 124 G
23 8 D
1 95 G
18 1 G
27 1 D
1 76 G
11 2 G
1 189 D
1 94 D
16 8 G
1 225 D
42 16 D
1 430 G
1 233 G
1 67 D
14 4 G
1 105 E
3 3 G
22 5 G
19 5 D
1 348 E
1 291 D
1 242 G
1 114 D
1 61 G
28 7 G
1 28 D
1 5 D
1 248 D
16 3 D
1 30 G
25 12 E
29 2 G
6 5 G
21 6 D
1 159 G
38 3 D
8 3 G
41 6 G
1 403 D
1 264 G
1 94 D
1 314 D
23 5 G
40 3 D
32 7 G
16 2 G
1 237 D
1 23 D
38 3 D
43 6 D
3 1 G
1 198 G
1 371 E
1 9 D
1 85 G
1 265 G
24 2 D
1 227 E
1 175 G
1 353 G
30 6 D
10 1 G
1 310 G
33 2 G
1 205 G
3 6 E
35 7 D
1 45 D
1 26 D
1 157 E
1 21 G
42 2 E
1 125 G
1 25 D
1 186 G
1 181 G
13 4 E
1 258 D
1 113 G
1 326 D
16 5 G
28 2 E
18 2 D
1 71 E
1 248 E
33 1 D
15 5 G
36 6 G
14 1 G
1 38 D
37 2 D
1 349 D
7 8 D
5 5 E
1 14 G
37 5 D
24 1 G
1 507 E
1 283 D
32 7 G
1 301 G
38 1 G
38 1 G
16 3 D
1 297 D
21 3 G
1 275 G
1 3 G
1 401 D
11 8 G
1 195 G
25 4 D
1 63 G
1 155 E
12 1 E
1 202 D
1 38 G
40 6 G
35 1 G
31 1 D
1 60 G
1 284 G
34 8 G
1 43 D
29 8 E
1 59 G
42 13 G
1 200 G
1 384 D
39 6 G
29 1 D
6 1 G
1 288 D
15 1 G
15 8 D
1 284 D
1 172 G
41 3 D
13 2 D
1 185 G
1 71 D
1 362 D
12 1 G
3 9 G
11 7 D
30 7 G
1 107 D
28 6 D
20 3 G
1 130 D
42 2 D
1 337 G
35 4 D
12 8 D
2 2 D
1 115 D
41 6 G
1 164 G
1 124 D
39 2 D
32 4 E
1 80 D
1 129 D
42 9 D
24 3 E
1 15 G
17 9 E
3 1 D
15 3 D
1 256 G
11 2 D
2 2 D
18 9 G
7 3 D
1 133 D
1 134 G
40 3 G
1 310 D
1 21 G
1 57 G
1 1 G
1 49 D
1 52 D
1 80 G
3 8 G
39 2 D
4 3 G
33 1 D
7 2 E
1 401 D
7 5 G
35 3 G
1 152 E
20 4 D
1 2 E
2 4 G
1 52 G
1 83 G
5 1 E
1 185 G
16 9 G
5 8 D
27 4 E
1 149 G
1 324 D
1 63 D
1 212 D
1 225 G
1 176 G
39 2 D
42 4 G
1 232 D
1 18 G
13 2 G
41 13 G
1 39 D
11 14 D
1 185 G
41 12 D
1 50 G
1 213 D
29 2 D
27 8 G
1 167 D
27 9 D
6 4 G
1 5 D
1 169 G
7 2 G
7 4 G
1 92 E
1 121 G
38 11 G
1 63 D
32 1 E
1 31 G
37 5 D
24 7 D
12 1 D
42 12 E
22 1 D
15 5 D
28 2 G
1 30 G
41 4 G
42 10 E
1 339 E
22 4 G
38 3 E
1 109 D
18 11 D
10 3 E
1 247 D
38 1 D
1 140 E
16 6 G
1 113 G
1 323 G
1 172 G
1 172 D
1 159 D
40 5 G
1 69 E
24 2 G
6 6 D
7 1 D
1 41 G
12 9 G
4 3 G
1 85 G
43 1 G
1 78 D
18 8 E
1 257 E
15 4 G
26 1 G
19 8 D
1 453 D
22 4 G
30 5 E
40 8 D
1 104 G
1 62 G
1 324 G
1 264 G
36 1 G
1 258 E
3 7 D
1 285 G
9 3 D
32 1 D
41 4 D
12 1 D
1 43 D
1 133 D
27 13 G
1 100 E
25 4 G
1 120 G
1 48 D
1 118 D
1 24 G
38 5 E
19 5 G
35 9 D
1 265 D
12 14 G
20 3 G
1 96 D
5 5 G
1 404 G
41 1 G
1 159 G
1 17 D
1 214 D
1 278 G
1 153 G
1 247 G
1 81 E
1 67 G
40 6 D
38 4 D
1 46 D
1 250 G
1 81 G
1 201 E
1 173 D
3 6 G
1 70 D
15 8 D
4 5 G
1 7 D
15 3 D
1 65 G
1 131 D
12 2 D
1 63 G
5 7 D
1 80 G
6 1 G
1 298 G
18 5 E
1 141 G
7 8 D
1 261 D
21 3 E
1 254 D
1 26 D
7 3 D
1 283 G
1 259 D
1 153 D
6 5 D
34 2 D
1 205 G
1 84 D
1 141 D
1 315 E
1 58 D
7 3 G
27 1 D
1 226 G
1 137 G
11 3 G
1 40 G
35 6 D
30 8 G
1 191 G
13 4 D
43 3 D
12 2 G
6 13 E
11 1 D
8 3 D
1 357 D
32 1 G
1 35 D
1 390 G
1 80 G
1 135 E
15 8 D
1 161 G
1 136 G
1 73 G
1 187 E
1 206 D
1 275 G
31 5 G
33 2 G
16 6 E
1 316 G
3 1 G
41 1 D
1 43 D
14 1 G
1 112 E
1 25 D
1 107 D
10 9 D
1 186 D
1 135 G
1 169 D
1 62 D
1 59 D
9 5 G
1 326 G
27 2 G
42 2 G
13 4 E
30 6 D
1 26 D
1 164 G
1 48 D
1 333 D
1 31 D
1 392 E
1 128 D
1 114 D
42 15 D
36 4 D
37 1 G
1 141 G
1 429 D
42 10 D
3 3 E
1 286 D
16 4 D
41 13 D
13 7 G
24 6 G
1 388 G
38 14 G
1 154 D
23 4 D
5 12 D
23 5 D
1 225 G
1 324 D
24 2 D
32 11 D
1 80 D
3 1 G
1 338 E
1 203 D
1 58 G
1 208 G
1 127 G
1 90 G
11 3 D
7 10 G
1 15 D
1 85 E
1 424 G
1 11 G
1 29 D
1 190 E
22 3 G
39 3 D
1 445 D
17 4 D
13 4 G
1 178 D
7 7 D
7 12 G
41 11 G
1 168 G
1 119 D
34 2 G
1 89 G
11 6 D
1 61 D
1 134 D
1 159 E
42 5 D
12 9 E
35 6 E
24 7 G
1 20 D
1 117 G
30 1 G
1 12 G
1 29 D
6 6 D
31 1 D
1 83 G
25 5 G
1 121 D
23 9 G
6 4 G
1 9 D
28 4 G
1 91 D
42 17 G
1 199 G
1 64 G
1 217 E
4 1 G
1 455 G
1 427 D
40 3 D
1 268 D
1 96 G
1 358 D
15 3 G
36 4 E
1 88 G
1 384 G
1 116 D
1 16 D
32 3 G
10 2 G
1 60 D
39 3 E
1 229 G
1 382 D
1 209 E
38 1 G
29 4 G
1 117 D
1 92 D
8 3 D
1 25 G
1 170 G
1 59 G
11 2 G
1 395 D
1 177 G
1 45 G
22 4 D
1 176 D
1 178 G
1 83 G
1 53 D
42 14 D
39 10 D
1 56 G
42 8 G
1 72 G
1 34 D
16 1 D
28 2 D
32 8 G
1 358 D
1 207 D
1 111 G
18 12 D
1 51 G
1 415 D
20 1 E
1 127 D
1 61 D
1 6 D
1 130 D
1 134 D
11 9 D
5 3 G
12 3 D
1 109 G
1 296 D
35 5 E
1 105 E
22 2 G
1 27 G
1 16 G
19 7 E
21 2 G
1 219 G
1 179 G
1 188 D
34 4 G
1 131 G
1 153 D
1 404 D
11 11 D
7 11 D
30 5 D
30 5 G
25 8 G
1 387 G
1 378 D
37 5 D
3 11 G
1 46 G
1 16 E
1 103 G
25 5 G
18 1 E
43 1 D
41 1 G
39 2 D
1 25 E
1 229 D
38 3 D
1 117 D
32 6 G
31 5 D
16 12 D
3 2 G
1 95 G
1 75 D
1 59 G
1 170 E
1 181 D
1 99 G
1 69 D
32 6 G
1 120 G
9 1 G
1 340 D
18 1 G
6 1 D
1 52 G
1 290 G
24 5 G
24 5 G
1 43 D
16 5 D
1 123 G
18 9 G
10 2 G
1 109 D
1 129 E
1 182 E
1 35 D
36 3 E
1 362 D
3 2 G
40 4 D
1 394 G
1 279 D
1 138 G
1 143 D
12 3 D
1 427 G
1 88 G
33 2 E
39 5 G
1 93 D
1 50 E
12 3 G
1 194 D
1 73 G
3 5 D
41 8 D
19 11 D
1 176 D
41 5 E
20 1 G
38 2 D
20 4 G
1 43 G
38 8 G
1 90 G
23 7 G
24 6 D
1 29 G
42 14 G
1 404 G
29 1 G
1 251 E
39 2 E
6 2 D
1 38 D
1 33 D
4 3 D
1 21 E
1 94 G
1 156 G
1 167 D
25 2 E
1 52 D
33 1 D
3 1 D
1 342 G
1 62 D
28 4 E
1 225 G
6 6 E
1 22 D
1 28 G
32 3 D
20 3 D
32 3 G
42 12 G
1 132 D
16 10 D
1 355 G
1 345 D
25 1 G
1 85 D
5 9 G
15 2 G
1 72 D
1 233 G
30 7 D
31 3 G
1 5 G
25 9 G
1 333 D
27 2 D
41 11 D
1 313 E
1 125 D
16 7 G
42 8 E
27 3 G
33 5 E
1 166 G
1 48 D
1 84 G
33 2 G
11 2 G
1 28 D
18 6 D
1 19 G
34 7 G
1 439 G
2 2 G
27 7 D
13 6 D
1 69 G
1 152 G
1 376 G
1 53 D
1 26 G
14 7 D
20 3 G
28 4 D
1 239 G
1 45 E
1 242 D
1 20 D
1 196 D
14 1 D
29 2 G
1 439 D
5 4 D
1 41 D
33 5 E
41 2 E
35 3 G
1 94 G
1 375 G
1 279 G
40 8 G
38 2 D
1 19 G
1 14 D
40 2 D
28 2 D
32 1 G
11 2 D
15 7 D
1 51 G
1 278 D
24 2 G
29 8 G
23 7 G
12 12 G
1 223 G
20 9 D
1 453 D
2 3 D
9 3 D
20 2 G
4 6 G
42 9 G
1 16 G
43 7 E
29 5 G
42 4 D
1 138 D
4 2 D
29 3 G
1 113 G
1 23 E
1 248 D
7 12 G
1 137 D
10 1 D
1 110 G
1 220 E
32 7 D
14 3 G
5 3 E
1 87 D
1 280 G
1 138 D
1 135 E
36 7 G
9 3 G
25 6 G
7 8 E
32 1 D
21 1 G
1 132 G
22 2 D
32 9 E
13 4 D
1 360 D
1 248 G
1 285 G
32 8 D
1 29 D
25 5 E
1 291 D
1 43 G
1 332 G
1 102 G
30 3 E
1 352 D
24 5 D
32 1 D
3 8 D
25 7 E
2 7 G
16 11 G
32 3 G
32 6 G
31 3 E
10 1 G
1 210 D
13 7 D
1 229 D
1 86 G
